[debug] [2021-10-25T06:28:52.730Z] ----------------------------------------------------------------------
[debug] [2021-10-25T06:28:52.732Z] Command:       C:\Program Files\nodejs\node.exe C:\Users\Julian\AppData\Roaming\npm\node_modules\firebase-tools\lib\bin\firebase.js init
[debug] [2021-10-25T06:28:52.732Z] CLI Version:   9.21.0
[debug] [2021-10-25T06:28:52.732Z] Platform:      win32
[debug] [2021-10-25T06:28:52.732Z] Node Version:  v14.17.6
[debug] [2021-10-25T06:28:52.733Z] Time:          Mon Oct 25 2021 01:28:52 GMT-0500 (hora estándar de Colombia)
[debug] [2021-10-25T06:28:52.733Z] ----------------------------------------------------------------------
[debug] 
[debug] [2021-10-25T06:28:52.735Z] >>> [apiv2][query] GET https://firebase-public.firebaseio.com/cli.json [none]
[debug] [2021-10-25T06:28:52.796Z] > command requires scopes: ["email","openid","https://www.googleapis.com/auth/cloudplatformprojects.readonly","https://www.googleapis.com/auth/firebase","https://www.googleapis.com/auth/cloud-platform"]
[debug] [2021-10-25T06:28:52.796Z] > authorizing via signed-in user (julianangulop@gmail.com)
[info] 
     ######## #### ########  ######## ########     ###     ######  ########
     ##        ##  ##     ## ##       ##     ##  ##   ##  ##       ##
     ######    ##  ########  ######   ########  #########  ######  ######
     ##        ##  ##    ##  ##       ##     ## ##     ##       ## ##
     ##       #### ##     ## ######## ########  ##     ##  ######  ########

You're about to initialize a Firebase project in this directory:

  C:\Users\Julian\Visual Studio Code\chatducky

Before we get started, keep in mind:

  * You are initializing within an existing Firebase project directory

[debug] [2021-10-25T06:28:53.087Z] <<< [apiv2][status] GET https://firebase-public.firebaseio.com/cli.json 200
[debug] [2021-10-25T06:28:53.087Z] <<< [apiv2][body] GET https://firebase-public.firebaseio.com/cli.json {"cloudBuildErrorAfter":1594252800000,"cloudBuildWarnAfter":1590019200000,"defaultNode10After":1594252800000,"minVersion":"3.0.5","node8DeploysDisabledAfter":1613390400000,"node8RuntimeDisabledAfter":1615809600000,"node8WarnAfter":1600128000000}
[info] 
=== Project Setup
[info] 
[info] First, let's associate this project directory with a Firebase project.
[info] You can create multiple project aliases by running firebase use --add, 
[info] but for now we'll just set up a default project.
[info] 
[info] i  .firebaserc already has a default project, using chaty-4b4aa. 
[debug] [2021-10-25T06:29:05.053Z] > refreshing access token with scopes: []
[debug] [2021-10-25T06:29:05.054Z] >>> HTTP REQUEST POST https://www.googleapis.com/oauth2/v3/token  
 <request body omitted>
[debug] [2021-10-25T06:29:05.188Z] <<< HTTP RESPONSE 200 {"pragma":"no-cache","date":"Mon, 25 Oct 2021 06:29:06 GMT","cache-control":"no-cache, no-store, max-age=0, must-revalidate","expires":"Mon, 01 Jan 1990 00:00:00 GMT","content-type":"application/json; charset=utf-8","vary":"X-Origin, Referer, Origin,Accept-Encoding","server":"scaffolding on HTTPServer2","x-xss-protection":"0","x-frame-options":"SAMEORIGIN","x-content-type-options":"nosniff","alt-svc":"h3=\":443\"; ma=2592000,h3-29=\":443\"; ma=2592000,h3-Q050=\":443\"; ma=2592000,h3-Q046=\":443\"; ma=2592000,h3-Q043=\":443\"; ma=2592000","accept-ranges":"none","transfer-encoding":"chunked"}
[debug] [2021-10-25T06:29:05.194Z] >>> [apiv2][query] GET https://firebase.googleapis.com/v1beta1/projects/chaty-4b4aa [none]
[debug] [2021-10-25T06:29:05.618Z] <<< [apiv2][status] GET https://firebase.googleapis.com/v1beta1/projects/chaty-4b4aa 403
[debug] [2021-10-25T06:29:05.618Z] <<< [apiv2][body] GET https://firebase.googleapis.com/v1beta1/projects/chaty-4b4aa {"error":{"code":403,"message":"The caller does not have permission","status":"PERMISSION_DENIED"}}
[debug] [2021-10-25T06:29:05.618Z] HTTP Error: 403, The caller does not have permission
[debug] [2021-10-25T06:29:05.786Z] FirebaseError: HTTP Error: 403, The caller does not have permission
    at module.exports (C:\Users\Julian\AppData\Roaming\npm\node_modules\firebase-tools\lib\responseToError.js:38:12)
    at Client.doRequest (C:\Users\Julian\AppData\Roaming\npm\node_modules\firebase-tools\lib\apiv2.js:240:23)
    at processTicksAndRejections (internal/process/task_queues.js:95:5)
    at async Client.request (C:\Users\Julian\AppData\Roaming\npm\node_modules\firebase-tools\lib\apiv2.js:96:20)
    at async Object.getFirebaseProject (C:\Users\Julian\AppData\Roaming\npm\node_modules\firebase-tools\lib\management\projects.js:290:21)
    at async Object.doSetup [as project] (C:\Users\Julian\AppData\Roaming\npm\node_modules\firebase-tools\lib\init\features\project.js:77:27)
    at async init (C:\Users\Julian\AppData\Roaming\npm\node_modules\firebase-tools\lib\init\index.js:19:9)
[error] 
[error] Error: Failed to get Firebase project chaty-4b4aa. Please make sure the project exists and your account has permission to access it.
